This file contains any messages produced by compilers while
running configure, to aid debugging if configure makes a mistake.

It was created by configure, which was
generated by GNU Autoconf 2.53.  Invocation command line was

  $ ./configure 

## --------- ##
## Platform. ##
## --------- ##

hostname = seaport
uname -m = i686
uname -r = 2.4.18
uname -s = Linux
uname -v = #1 Sat Jan 25 22:18:39 CET 2003

/usr/bin/uname -p = unknown
/bin/uname -X     = unknown

/bin/arch              = i686
/usr/bin/arch -k       = unknown
/usr/convex/getsysinfo = unknown
hostinfo               = unknown
/bin/machine           = unknown
/usr/bin/oslevel       = unknown
/bin/universe          = unknown

PATH: /opt/mbse/bin
PATH: /usr/local/bin
PATH: /usr/bin
PATH: /bin
PATH: /usr/X11R6/bin
PATH: /usr/games
PATH: /usr/lib/j2re1.4.0_01/bin
PATH: /opt/kde/bin
PATH: /usr/lib/qt-3.0.4/bin
PATH: /opt/slab/bin
PATH: /opt/slab/effects
PATH: /usr/share/texmf/bin
PATH: .


## ----------- ##
## Core tests. ##
## ----------- ##

configure:1252: checking for gcc
configure:1268: found /usr/bin/gcc
configure:1278: result: gcc
configure:1522: checking for C compiler version
configure:1525: gcc --version </dev/null >&5
2.95.3
configure:1528: $? = 0
configure:1530: gcc -v </dev/null >&5
Reading specs from /usr/lib/gcc-lib/i386-slackware-linux/2.95.3/specs
gcc version 2.95.3 20010315 (release)
configure:1533: $? = 0
configure:1535: gcc -V </dev/null >&5
gcc: argument to `-V' is missing
configure:1538: $? = 1
configure:1564: checking for C compiler default output
configure:1567: gcc    conftest.c  >&5
configure:1570: $? = 0
configure:1603: result: a.out
configure:1608: checking whether the C compiler works
configure:1614: ./a.out
configure:1617: $? = 0
configure:1632: result: yes
configure:1639: checking whether we are cross compiling
configure:1641: result: no
configure:1644: checking for suffix of executables
configure:1646: gcc -o conftest    conftest.c  >&5
configure:1649: $? = 0
configure:1671: result: 
configure:1677: checking for suffix of object files
configure:1701: gcc -c   conftest.c >&5
configure:1704: $? = 0
configure:1723: result: o
configure:1727: checking whether we are using the GNU C compiler
configure:1754: gcc -c   conftest.c >&5
configure:1757: $? = 0
configure:1760: test -s conftest.o
configure:1763: $? = 0
configure:1775: result: yes
configure:1781: checking whether gcc accepts -g
configure:1805: gcc -c -g  conftest.c >&5
configure:1808: $? = 0
configure:1811: test -s conftest.o
configure:1814: $? = 0
configure:1824: result: yes
configure:1851: gcc -c -g -O2  conftest.c >&5
conftest.c:2: parse error before `me'
configure:1854: $? = 1
configure: failed program was:
#ifndef __cplusplus
  choke me
#endif
configure:2005: checking for ranlib
configure:2021: found /usr/bin/ranlib
configure:2032: result: ranlib
configure:2044: checking whether ln -s works
configure:2048: result: yes
configure:2057: checking for tar
configure:2073: found /bin/tar
configure:2083: result: tar
configure:2098: checking how to run the C preprocessor
configure:2124: gcc -E  conftest.c
configure:2130: $? = 0
configure:2157: gcc -E  conftest.c
configure:2153: ac_nonexistent.h: No such file or directory
configure:2163: $? = 1
configure: failed program was:
#line 2152 "configure"
#include "confdefs.h"
#include <ac_nonexistent.h>
configure:2200: result: gcc -E
configure:2215: gcc -E  conftest.c
configure:2221: $? = 0
configure:2248: gcc -E  conftest.c
configure:2244: ac_nonexistent.h: No such file or directory
configure:2254: $? = 1
configure: failed program was:
#line 2243 "configure"
#include "confdefs.h"
#include <ac_nonexistent.h>
configure:2294: checking for ANSI C header files
configure:2308: gcc -E  conftest.c
configure:2314: $? = 0
configure:2399: gcc -o conftest -g -O2 -Wall -Wshadow -Wwrite-strings -Wstrict-prototypes   conftest.c  >&5
configure:2387: warning: function declaration isn't a prototype
configure:2402: $? = 0
configure:2404: ./conftest
configure:2407: $? = 0
configure:2421: result: yes
configure:2432: checking for gcc option to accept ANSI C
configure:2495: gcc  -c -g -O2 -Wall -Wshadow -Wwrite-strings -Wstrict-prototypes  conftest.c >&5
configure:2448: warning: function declaration isn't a prototype
configure:2476: warning: function declaration isn't a prototype
configure:2498: $? = 0
configure:2501: test -s conftest.o
configure:2504: $? = 0
configure:2521: result: none needed
configure:2529: checking for an ANSI C-conforming const
configure:2599: gcc -c -g -O2 -Wall -Wshadow -Wwrite-strings -Wstrict-prototypes  conftest.c >&5
configure:2544: warning: function declaration isn't a prototype
configure: In function `main':
configure:2568: warning: unused variable `s'
configure:2573: warning: declaration of `x' shadows previous local
configure:2579: warning: declaration of `p' shadows previous local
configure:2588: warning: unused variable `foo'
configure:2555: warning: unused variable `zero'
configure:2549: warning: unused variable `x'
configure:2567: warning: `t' might be used uninitialized in this function
configure:2585: warning: `b' might be used uninitialized in this function
configure:2602: $? = 0
configure:2605: test -s conftest.o
configure:2608: $? = 0
configure:2618: result: yes
configure:2642: checking for sys/types.h
configure:2655: gcc -c -g -O2 -Wall -Wshadow -Wwrite-strings -Wstrict-prototypes  conftest.c >&5
configure:2658: $? = 0
configure:2661: test -s conftest.o
configure:2664: $? = 0
configure:2674: result: yes
configure:2642: checking for sys/stat.h
configure:2655: gcc -c -g -O2 -Wall -Wshadow -Wwrite-strings -Wstrict-prototypes  conftest.c >&5
configure:2658: $? = 0
configure:2661: test -s conftest.o
configure:2664: $? = 0
configure:2674: result: yes
configure:2642: checking for stdlib.h
configure:2655: gcc -c -g -O2 -Wall -Wshadow -Wwrite-strings -Wstrict-prototypes  conftest.c >&5
configure:2658: $? = 0
configure:2661: test -s conftest.o
configure:2664: $? = 0
configure:2674: result: yes
configure:2642: checking for string.h
configure:2655: gcc -c -g -O2 -Wall -Wshadow -Wwrite-strings -Wstrict-prototypes  conftest.c >&5
configure:2658: $? = 0
configure:2661: test -s conftest.o
configure:2664: $? = 0
configure:2674: result: yes
configure:2642: checking for memory.h
configure:2655: gcc -c -g -O2 -Wall -Wshadow -Wwrite-strings -Wstrict-prototypes  conftest.c >&5
configure:2658: $? = 0
configure:2661: test -s conftest.o
configure:2664: $? = 0
configure:2674: result: yes
configure:2642: checking for strings.h
configure:2655: gcc -c -g -O2 -Wall -Wshadow -Wwrite-strings -Wstrict-prototypes  conftest.c >&5
configure:2658: $? = 0
configure:2661: test -s conftest.o
configure:2664: $? = 0
configure:2674: result: yes
configure:2642: checking for inttypes.h
configure:2655: gcc -c -g -O2 -Wall -Wshadow -Wwrite-strings -Wstrict-prototypes  conftest.c >&5
configure:2658: $? = 0
configure:2661: test -s conftest.o
configure:2664: $? = 0
configure:2674: result: yes
configure:2642: checking for stdint.h
configure:2655: gcc -c -g -O2 -Wall -Wshadow -Wwrite-strings -Wstrict-prototypes  conftest.c >&5
configure:2658: $? = 0
configure:2661: test -s conftest.o
configure:2664: $? = 0
configure:2674: result: yes
configure:2642: checking for unistd.h
configure:2655: gcc -c -g -O2 -Wall -Wshadow -Wwrite-strings -Wstrict-prototypes  conftest.c >&5
configure:2658: $? = 0
configure:2661: test -s conftest.o
configure:2664: $? = 0
configure:2674: result: yes
configure:2686: checking for mode_t
configure:2713: gcc -c -g -O2 -Wall -Wshadow -Wwrite-strings -Wstrict-prototypes  conftest.c >&5
configure:2734: warning: function declaration isn't a prototype
configure:2716: $? = 0
configure:2719: test -s conftest.o
configure:2722: $? = 0
configure:2732: result: yes
configure:2744: checking for size_t
configure:2771: gcc -c -g -O2 -Wall -Wshadow -Wwrite-strings -Wstrict-prototypes  conftest.c >&5
configure:2792: warning: function declaration isn't a prototype
configure:2774: $? = 0
configure:2777: test -s conftest.o
configure:2780: $? = 0
configure:2790: result: yes
configure:2803: checking for working memcmp
configure:2854: gcc -o conftest -g -O2 -Wall -Wshadow -Wwrite-strings -Wstrict-prototypes   conftest.c  >&5
configure:2821: warning: function declaration isn't a prototype
configure:2857: $? = 0
configure:2859: ./conftest
configure:2862: $? = 0
configure:2875: result: yes
configure:2961: creating ./config.status

## ---------------------- ##
## Running config.status. ##
## ---------------------- ##

This file was extended by config.status, which was
generated by GNU Autoconf 2.53.  Invocation command line was

  CONFIG_FILES    = 
  CONFIG_HEADERS  = 
  CONFIG_LINKS    = 
  CONFIG_COMMANDS = 
  $ ./config.status 

on seaport

config.status:583: creating Makefile.global
config.status:583: creating INSTALL
config.status:583: creating FILE_ID.DIZ
config.status:583: creating door.pc
config.status:686: creating config.h
config.status:886: executing default-1 commands
configure:3975: result:
-=-=-=-=-=-=-=-=-=-= Configuration Complete =-=-=-=-=-=-=-=-=-=-

  Configuration summary :

    Version : ..................... 0.9.0

configure:3995: result:
  Installation directories :

    Library directory : ........... /usr/lib
    Include directory : ........... /usr/include
    Pkgconfig directory : ......... /usr/lib/pkgconfig


## ---------------- ##
## Cache variables. ##
## ---------------- ##

ac_cv_c_compiler_gnu=yes
ac_cv_c_const=yes
ac_cv_env_CC_set=
ac_cv_env_CC_value=
ac_cv_env_CFLAGS_set=
ac_cv_env_CFLAGS_value=
ac_cv_env_CPPFLAGS_set=
ac_cv_env_CPPFLAGS_value=
ac_cv_env_CPP_set=
ac_cv_env_CPP_value=
ac_cv_env_LDFLAGS_set=
ac_cv_env_LDFLAGS_value=
ac_cv_env_build_alias_set=
ac_cv_env_build_alias_value=
ac_cv_env_host_alias_set=
ac_cv_env_host_alias_value=
ac_cv_env_target_alias_set=
ac_cv_env_target_alias_value=
ac_cv_exeext=
ac_cv_func_memcmp_working=yes
ac_cv_header_inttypes_h=yes
ac_cv_header_memory_h=yes
ac_cv_header_stdc=yes
ac_cv_header_stdint_h=yes
ac_cv_header_stdlib_h=yes
ac_cv_header_string_h=yes
ac_cv_header_strings_h=yes
ac_cv_header_sys_stat_h=yes
ac_cv_header_sys_types_h=yes
ac_cv_header_unistd_h=yes
ac_cv_objext=o
ac_cv_prog_CPP='gcc -E'
ac_cv_prog_TAR=tar
ac_cv_prog_ac_ct_CC=gcc
ac_cv_prog_ac_ct_RANLIB=ranlib
ac_cv_prog_cc_g=yes
ac_cv_prog_cc_stdc=
ac_cv_type_mode_t=yes
ac_cv_type_size_t=yes

## ----------- ##
## confdefs.h. ##
## ----------- ##

#define PACKAGE_NAME ""
#define PACKAGE_TARNAME ""
#define PACKAGE_VERSION ""
#define PACKAGE_STRING ""
#define PACKAGE_BUGREPORT ""
#define VERSION "0.9.0"
#define COPYRIGHT "Copyright (C) 2003 Michiel Broek, All Rights Reserved"
#define STDC_HEADERS 1
#define HAVE_SYS_TYPES_H 1
#define HAVE_SYS_STAT_H 1
#define HAVE_STDLIB_H 1
#define HAVE_STRING_H 1
#define HAVE_MEMORY_H 1
#define HAVE_STRINGS_H 1
#define HAVE_INTTYPES_H 1
#define HAVE_STDINT_H 1
#define HAVE_UNISTD_H 1

configure: exit 0
